0 info it worked if it ends with ok
1 verbose cli [ 'C:\\Program Files (x86)\\nodejs\\\\node.exe',
1 verbose cli   'C:\\Program Files (x86)\\nodejs\\node_modules\\npm\\bin\\npm-cli.js',
1 verbose cli   'publish' ]
2 info using npm@1.3.21
3 info using node@v0.10.24
4 verbose node symlink C:\Program Files (x86)\nodejs\\node.exe
5 verbose publish [ '.' ]
6 verbose cache add [ '.', null ]
7 verbose cache add name=undefined spec="." args=[".",null]
8 verbose parsed url { protocol: null,
8 verbose parsed url   slashes: null,
8 verbose parsed url   auth: null,
8 verbose parsed url   host: null,
8 verbose parsed url   port: null,
8 verbose parsed url   hostname: null,
8 verbose parsed url   hash: null,
8 verbose parsed url   search: null,
8 verbose parsed url   query: null,
8 verbose parsed url   pathname: '.',
8 verbose parsed url   path: '.',
8 verbose parsed url   href: '.' }
9 silly lockFile 3a52ce78- .
10 verbose lock . C:\Users\Alex\AppData\Roaming\npm-cache\3a52ce78-.lock
11 verbose tar pack [ 'C:\\Users\\Alex\\AppData\\Local\\Temp\\npm-8052-swTzeeIi\\1407432544859-0.24262489774264395\\tmp.tgz',
11 verbose tar pack   '.' ]
12 verbose tarball C:\Users\Alex\AppData\Local\Temp\npm-8052-swTzeeIi\1407432544859-0.24262489774264395\tmp.tgz
13 verbose folder .
14 info prepublish includejs@0.6.3
15 silly lockFile 1f1177db-tar tar://.
16 verbose lock tar://. C:\Users\Alex\AppData\Roaming\npm-cache\1f1177db-tar.lock
17 silly lockFile ae97dc36-4859-0-24262489774264395-tmp-tgz tar://C:\Users\Alex\AppData\Local\Temp\npm-8052-swTzeeIi\1407432544859-0.24262489774264395\tmp.tgz
18 verbose lock tar://C:\Users\Alex\AppData\Local\Temp\npm-8052-swTzeeIi\1407432544859-0.24262489774264395\tmp.tgz C:\Users\Alex\AppData\Roaming\npm-cache\ae97dc36-4859-0-24262489774264395-tmp-tgz.lock
19 silly lockFile 1f1177db-tar tar://.
20 silly lockFile 1f1177db-tar tar://.
21 silly lockFile ae97dc36-4859-0-24262489774264395-tmp-tgz tar://C:\Users\Alex\AppData\Local\Temp\npm-8052-swTzeeIi\1407432544859-0.24262489774264395\tmp.tgz
22 silly lockFile ae97dc36-4859-0-24262489774264395-tmp-tgz tar://C:\Users\Alex\AppData\Local\Temp\npm-8052-swTzeeIi\1407432544859-0.24262489774264395\tmp.tgz
23 verbose tar unpack C:\Users\Alex\AppData\Local\Temp\npm-8052-swTzeeIi\1407432544859-0.24262489774264395\tmp.tgz
24 silly lockFile c5298b7d-4859-0-24262489774264395-package tar://C:\Users\Alex\AppData\Local\Temp\npm-8052-swTzeeIi\1407432544859-0.24262489774264395\package
25 verbose lock tar://C:\Users\Alex\AppData\Local\Temp\npm-8052-swTzeeIi\1407432544859-0.24262489774264395\package C:\Users\Alex\AppData\Roaming\npm-cache\c5298b7d-4859-0-24262489774264395-package.lock
26 silly lockFile ae97dc36-4859-0-24262489774264395-tmp-tgz tar://C:\Users\Alex\AppData\Local\Temp\npm-8052-swTzeeIi\1407432544859-0.24262489774264395\tmp.tgz
27 verbose lock tar://C:\Users\Alex\AppData\Local\Temp\npm-8052-swTzeeIi\1407432544859-0.24262489774264395\tmp.tgz C:\Users\Alex\AppData\Roaming\npm-cache\ae97dc36-4859-0-24262489774264395-tmp-tgz.lock
28 silly gunzTarPerm modes [ '755', '644' ]
29 silly gunzTarPerm extractEntry package.json
30 silly gunzTarPerm modified mode [ 'package.json', 438, 420 ]
31 silly gunzTarPerm extractEntry .npmignore
32 silly gunzTarPerm modified mode [ '.npmignore', 438, 420 ]
33 silly gunzTarPerm extractEntry README.md
34 silly gunzTarPerm modified mode [ 'README.md', 438, 420 ]
35 silly gunzTarPerm extractEntry .dev/js-loading-test/ext.js
36 silly gunzTarPerm modified mode [ '.dev/js-loading-test/ext.js', 438, 420 ]
37 silly gunzTarPerm extractEntry .dev/js-loading-test/main.js
38 silly gunzTarPerm modified mode [ '.dev/js-loading-test/main.js', 438, 420 ]
39 silly gunzTarPerm extractEntry .dev/js-loading-test/index.html
40 silly gunzTarPerm modified mode [ '.dev/js-loading-test/index.html', 438, 420 ]
41 silly gunzTarPerm extractEntry .dev/loader/build.js
42 silly gunzTarPerm modified mode [ '.dev/loader/build.js', 438, 420 ]
43 silly gunzTarPerm extractEntry .dev/loader/include.routes.js
44 silly gunzTarPerm modified mode [ '.dev/loader/include.routes.js', 438, 420 ]
45 silly gunzTarPerm extractEntry .dev/loader/index.dev.build/script.js
46 silly gunzTarPerm modified mode [ '.dev/loader/index.dev.build/script.js', 438, 420 ]
47 silly gunzTarPerm extractEntry .dev/loader/index.dev.build/style.css
48 silly gunzTarPerm modified mode [ '.dev/loader/index.dev.build/style.css', 438, 420 ]
49 silly gunzTarPerm extractEntry .dev/loader/index.dev.build.html
50 silly gunzTarPerm modified mode [ '.dev/loader/index.dev.build.html', 438, 420 ]
51 silly gunzTarPerm extractEntry .dev/loader/index.dev.html
52 silly gunzTarPerm modified mode [ '.dev/loader/index.dev.html', 438, 420 ]
53 silly gunzTarPerm extractEntry .dev/loader/script/main.js
54 silly gunzTarPerm modified mode [ '.dev/loader/script/main.js', 438, 420 ]
55 silly gunzTarPerm extractEntry .dev/loader/script/test.coffee
56 silly gunzTarPerm modified mode [ '.dev/loader/script/test.coffee', 438, 420 ]
57 silly gunzTarPerm extractEntry .dev/loader/style/main.css
58 silly gunzTarPerm modified mode [ '.dev/loader/style/main.css', 438, 420 ]
59 silly gunzTarPerm extractEntry .dev/loader/style/view.less
60 silly gunzTarPerm modified mode [ '.dev/loader/style/view.less', 438, 420 ]
61 silly gunzTarPerm extractEntry .dev/test/a.js
62 silly gunzTarPerm modified mode [ '.dev/test/a.js', 438, 420 ]
63 silly gunzTarPerm extractEntry .dev/test/a.sub.js
64 silly gunzTarPerm modified mode [ '.dev/test/a.sub.js', 438, 420 ]
65 silly gunzTarPerm extractEntry .dev/test/embedded.js
66 silly gunzTarPerm modified mode [ '.dev/test/embedded.js', 438, 420 ]
67 silly gunzTarPerm extractEntry .dev/test/lazy.js
68 silly gunzTarPerm modified mode [ '.dev/test/lazy.js', 438, 420 ]
69 silly gunzTarPerm extractEntry .dev/test/main.js
70 silly gunzTarPerm modified mode [ '.dev/test/main.js', 438, 420 ]
71 silly gunzTarPerm extractEntry .dev/test/data.json
72 silly gunzTarPerm modified mode [ '.dev/test/data.json', 438, 420 ]
73 silly gunzTarPerm extractEntry .dev/test/index.html
74 silly gunzTarPerm modified mode [ '.dev/test/index.html', 438, 420 ]
75 silly gunzTarPerm extractEntry .dev/test/release/embedded.js
76 silly gunzTarPerm modified mode [ '.dev/test/release/embedded.js', 438, 420 ]
77 silly gunzTarPerm extractEntry .dev/test/release/index.html
78 silly gunzTarPerm modified mode [ '.dev/test/release/index.html', 438, 420 ]
79 silly gunzTarPerm extractEntry .dev/test/release/script/build.release.js
80 silly gunzTarPerm modified mode [ '.dev/test/release/script/build.release.js', 438, 420 ]
81 silly gunzTarPerm extractEntry .dev/test/release/style/build.release.css
82 silly gunzTarPerm modified mode [ '.dev/test/release/style/build.release.css', 438, 420 ]
83 silly gunzTarPerm extractEntry .dev/test/style.css
84 silly gunzTarPerm modified mode [ '.dev/test/style.css', 438, 420 ]
85 silly gunzTarPerm extractEntry .travis.yml
86 silly gunzTarPerm modified mode [ '.travis.yml', 438, 420 ]
87 silly gunzTarPerm extractEntry bower.json
88 silly gunzTarPerm modified mode [ 'bower.json', 438, 420 ]
89 silly gunzTarPerm extractEntry builds/include.autoreload.js
90 silly gunzTarPerm modified mode [ 'builds/include.autoreload.js', 438, 420 ]
91 silly gunzTarPerm extractEntry builds/include.js
92 silly gunzTarPerm modified mode [ 'builds/include.js', 438, 420 ]
93 silly gunzTarPerm extractEntry builds/include.node.js
94 silly gunzTarPerm modified mode [ 'builds/include.node.js', 438, 420 ]
95 silly gunzTarPerm extractEntry lib/include.autoreload.js
96 silly gunzTarPerm modified mode [ 'lib/include.autoreload.js', 438, 420 ]
97 silly gunzTarPerm extractEntry lib/include.js
98 silly gunzTarPerm modified mode [ 'lib/include.js', 438, 420 ]
99 silly gunzTarPerm extractEntry lib/include.min.js
100 silly gunzTarPerm modified mode [ 'lib/include.min.js', 438, 420 ]
101 silly gunzTarPerm extractEntry lib/include.node.js
102 silly gunzTarPerm modified mode [ 'lib/include.node.js', 438, 420 ]
103 silly gunzTarPerm extractEntry lib/include.min.js.map
104 silly gunzTarPerm modified mode [ 'lib/include.min.js.map', 438, 420 ]
105 silly gunzTarPerm extractEntry lib/loader/coffee/coffee-script.js
106 silly gunzTarPerm modified mode [ 'lib/loader/coffee/coffee-script.js', 438, 420 ]
107 silly gunzTarPerm extractEntry lib/loader/coffee/loader.js
108 silly gunzTarPerm modified mode [ 'lib/loader/coffee/loader.js', 438, 420 ]
109 silly gunzTarPerm extractEntry lib/loader/less/less-min.js
110 silly gunzTarPerm modified mode [ 'lib/loader/less/less-min.js', 438, 420 ]
111 silly gunzTarPerm extractEntry lib/loader/less/loader.js
112 silly gunzTarPerm modified mode [ 'lib/loader/less/loader.js', 438, 420 ]
113 silly gunzTarPerm extractEntry lib/loader/traceur/loader.js
114 silly gunzTarPerm modified mode [ 'lib/loader/traceur/loader.js', 438, 420 ]
115 silly gunzTarPerm extractEntry lib/loader/traceur/traceur.js
116 silly gunzTarPerm modified mode [ 'lib/loader/traceur/traceur.js', 438, 420 ]
117 silly gunzTarPerm extractEntry lib/loader/yml/js-yaml.min.js
118 silly gunzTarPerm modified mode [ 'lib/loader/yml/js-yaml.min.js', 438, 420 ]
119 silly gunzTarPerm extractEntry lib/loader/yml/loader.js
120 silly gunzTarPerm modified mode [ 'lib/loader/yml/loader.js', 438, 420 ]
121 silly gunzTarPerm extractEntry src/1.scope-vars.js
122 silly gunzTarPerm modified mode [ 'src/1.scope-vars.js', 438, 420 ]
123 silly gunzTarPerm extractEntry src/20.Autoreload.js
124 silly gunzTarPerm modified mode [ 'src/20.Autoreload.js', 438, 420 ]
125 silly gunzTarPerm extractEntry src/3.Events.js
126 silly gunzTarPerm modified mode [ 'src/3.Events.js', 438, 420 ]
127 silly gunzTarPerm extractEntry src/4.IncludeDeferred.js
128 silly gunzTarPerm modified mode [ 'src/4.IncludeDeferred.js', 438, 420 ]
129 silly gunzTarPerm extractEntry src/2.Routing.js
130 silly gunzTarPerm modified mode [ 'src/2.Routing.js', 438, 420 ]
131 silly gunzTarPerm extractEntry src/10.export.js
132 silly gunzTarPerm modified mode [ 'src/10.export.js', 438, 420 ]
133 silly gunzTarPerm extractEntry src/7.CustomLoader.js
134 silly gunzTarPerm modified mode [ 'src/7.CustomLoader.js', 438, 420 ]
135 silly gunzTarPerm extractEntry src/8.LazyModule.js
136 silly gunzTarPerm modified mode [ 'src/8.LazyModule.js', 438, 420 ]
137 silly gunzTarPerm extractEntry src/9.Resource.js
138 silly gunzTarPerm modified mode [ 'src/9.Resource.js', 438, 420 ]
139 silly gunzTarPerm extractEntry src/global-vars.js
140 silly gunzTarPerm modified mode [ 'src/global-vars.js', 438, 420 ]
141 silly gunzTarPerm extractEntry src/2.Helper.js
142 silly gunzTarPerm modified mode [ 'src/2.Helper.js', 438, 420 ]
143 silly gunzTarPerm extractEntry src/head.js
144 silly gunzTarPerm modified mode [ 'src/head.js', 438, 420 ]
145 silly gunzTarPerm extractEntry src/5.Include.js
146 silly gunzTarPerm modified mode [ 'src/5.Include.js', 438, 420 ]
147 silly gunzTarPerm extractEntry src/6.ScriptStack.js
148 silly gunzTarPerm modified mode [ 'src/6.ScriptStack.js', 438, 420 ]
149 silly gunzTarPerm extractEntry src/loader/json.js
150 silly gunzTarPerm modified mode [ 'src/loader/json.js', 438, 420 ]
151 silly gunzTarPerm extractEntry src/loader/pack.js
152 silly gunzTarPerm modified mode [ 'src/loader/pack.js', 438, 420 ]
153 silly gunzTarPerm extractEntry src/node/eval.js
154 silly gunzTarPerm modified mode [ 'src/node/eval.js', 438, 420 ]
155 silly gunzTarPerm extractEntry src/node/export-include.js
156 silly gunzTarPerm modified mode [ 'src/node/export-include.js', 438, 420 ]
157 silly gunzTarPerm extractEntry src/node/export-resource.js
158 silly gunzTarPerm modified mode [ 'src/node/export-resource.js', 438, 420 ]
159 silly gunzTarPerm extractEntry src/node/node.js
160 silly gunzTarPerm modified mode [ 'src/node/node.js', 438, 420 ]
161 silly gunzTarPerm extractEntry src/node/xhr.js
162 silly gunzTarPerm modified mode [ 'src/node/xhr.js', 438, 420 ]
163 silly gunzTarPerm extractEntry src/node/utils/bin.js
164 silly gunzTarPerm modified mode [ 'src/node/utils/bin.js', 438, 420 ]
165 silly gunzTarPerm extractEntry src/node/utils/file.js
166 silly gunzTarPerm modified mode [ 'src/node/utils/file.js', 438, 420 ]
167 silly gunzTarPerm extractEntry src/utils/array.js
168 silly gunzTarPerm modified mode [ 'src/utils/array.js', 438, 420 ]
169 silly gunzTarPerm extractEntry src/utils/fn.js
170 silly gunzTarPerm modified mode [ 'src/utils/fn.js', 438, 420 ]
171 silly gunzTarPerm extractEntry src/utils/object.js
172 silly gunzTarPerm modified mode [ 'src/utils/object.js', 438, 420 ]
173 silly gunzTarPerm extractEntry src/utils/path.js
174 silly gunzTarPerm modified mode [ 'src/utils/path.js', 438, 420 ]
175 silly gunzTarPerm extractEntry src/utils/tree.js
176 silly gunzTarPerm modified mode [ 'src/utils/tree.js', 438, 420 ]
177 silly lockFile c5298b7d-4859-0-24262489774264395-package tar://C:\Users\Alex\AppData\Local\Temp\npm-8052-swTzeeIi\1407432544859-0.24262489774264395\package
178 silly lockFile c5298b7d-4859-0-24262489774264395-package tar://C:\Users\Alex\AppData\Local\Temp\npm-8052-swTzeeIi\1407432544859-0.24262489774264395\package
179 silly lockFile ae97dc36-4859-0-24262489774264395-tmp-tgz tar://C:\Users\Alex\AppData\Local\Temp\npm-8052-swTzeeIi\1407432544859-0.24262489774264395\tmp.tgz
180 silly lockFile ae97dc36-4859-0-24262489774264395-tmp-tgz tar://C:\Users\Alex\AppData\Local\Temp\npm-8052-swTzeeIi\1407432544859-0.24262489774264395\tmp.tgz
181 verbose tar pack [ 'C:\\Users\\Alex\\AppData\\Roaming\\npm-cache\\includejs\\0.6.3\\package.tgz',
181 verbose tar pack   'C:\\Users\\Alex\\AppData\\Local\\Temp\\npm-8052-swTzeeIi\\1407432544859-0.24262489774264395\\package' ]
182 verbose tarball C:\Users\Alex\AppData\Roaming\npm-cache\includejs\0.6.3\package.tgz
183 verbose folder C:\Users\Alex\AppData\Local\Temp\npm-8052-swTzeeIi\1407432544859-0.24262489774264395\package
184 silly lockFile c5298b7d-4859-0-24262489774264395-package tar://C:\Users\Alex\AppData\Local\Temp\npm-8052-swTzeeIi\1407432544859-0.24262489774264395\package
185 verbose lock tar://C:\Users\Alex\AppData\Local\Temp\npm-8052-swTzeeIi\1407432544859-0.24262489774264395\package C:\Users\Alex\AppData\Roaming\npm-cache\c5298b7d-4859-0-24262489774264395-package.lock
186 silly lockFile f42acfb1-ache-includejs-0-6-3-package-tgz tar://C:\Users\Alex\AppData\Roaming\npm-cache\includejs\0.6.3\package.tgz
187 verbose lock tar://C:\Users\Alex\AppData\Roaming\npm-cache\includejs\0.6.3\package.tgz C:\Users\Alex\AppData\Roaming\npm-cache\f42acfb1-ache-includejs-0-6-3-package-tgz.lock
188 silly lockFile c5298b7d-4859-0-24262489774264395-package tar://C:\Users\Alex\AppData\Local\Temp\npm-8052-swTzeeIi\1407432544859-0.24262489774264395\package
189 silly lockFile c5298b7d-4859-0-24262489774264395-package tar://C:\Users\Alex\AppData\Local\Temp\npm-8052-swTzeeIi\1407432544859-0.24262489774264395\package
190 silly lockFile f42acfb1-ache-includejs-0-6-3-package-tgz tar://C:\Users\Alex\AppData\Roaming\npm-cache\includejs\0.6.3\package.tgz
191 silly lockFile f42acfb1-ache-includejs-0-6-3-package-tgz tar://C:\Users\Alex\AppData\Roaming\npm-cache\includejs\0.6.3\package.tgz
192 silly lockFile 3898f8f5-pm-cache-includejs-0-6-3-package C:\Users\Alex\AppData\Roaming\npm-cache\includejs\0.6.3\package
193 verbose lock C:\Users\Alex\AppData\Roaming\npm-cache\includejs\0.6.3\package C:\Users\Alex\AppData\Roaming\npm-cache\3898f8f5-pm-cache-includejs-0-6-3-package.lock
194 silly lockFile 3898f8f5-pm-cache-includejs-0-6-3-package C:\Users\Alex\AppData\Roaming\npm-cache\includejs\0.6.3\package
195 silly lockFile 3898f8f5-pm-cache-includejs-0-6-3-package C:\Users\Alex\AppData\Roaming\npm-cache\includejs\0.6.3\package
196 verbose tar unpack C:\Users\Alex\AppData\Roaming\npm-cache\includejs\0.6.3\package.tgz
197 silly lockFile fb0baf3a-pm-cache-includejs-0-6-3-package tar://C:\Users\Alex\AppData\Roaming\npm-cache\includejs\0.6.3\package
198 verbose lock tar://C:\Users\Alex\AppData\Roaming\npm-cache\includejs\0.6.3\package C:\Users\Alex\AppData\Roaming\npm-cache\fb0baf3a-pm-cache-includejs-0-6-3-package.lock
199 silly lockFile f42acfb1-ache-includejs-0-6-3-package-tgz tar://C:\Users\Alex\AppData\Roaming\npm-cache\includejs\0.6.3\package.tgz
200 verbose lock tar://C:\Users\Alex\AppData\Roaming\npm-cache\includejs\0.6.3\package.tgz C:\Users\Alex\AppData\Roaming\npm-cache\f42acfb1-ache-includejs-0-6-3-package-tgz.lock
201 silly gunzTarPerm modes [ '755', '644' ]
202 silly gunzTarPerm extractEntry package.json
203 silly gunzTarPerm modified mode [ 'package.json', 438, 420 ]
204 silly gunzTarPerm extractEntry .npmignore
205 silly gunzTarPerm modified mode [ '.npmignore', 438, 420 ]
206 silly gunzTarPerm extractEntry README.md
207 silly gunzTarPerm modified mode [ 'README.md', 438, 420 ]
208 silly gunzTarPerm extractEntry .dev/js-loading-test/ext.js
209 silly gunzTarPerm modified mode [ '.dev/js-loading-test/ext.js', 438, 420 ]
210 silly gunzTarPerm extractEntry .dev/js-loading-test/main.js
211 silly gunzTarPerm modified mode [ '.dev/js-loading-test/main.js', 438, 420 ]
212 silly gunzTarPerm extractEntry .dev/js-loading-test/index.html
213 silly gunzTarPerm modified mode [ '.dev/js-loading-test/index.html', 438, 420 ]
214 silly gunzTarPerm extractEntry .dev/loader/build.js
215 silly gunzTarPerm modified mode [ '.dev/loader/build.js', 438, 420 ]
216 silly gunzTarPerm extractEntry .dev/loader/include.routes.js
217 silly gunzTarPerm modified mode [ '.dev/loader/include.routes.js', 438, 420 ]
218 silly gunzTarPerm extractEntry .dev/loader/index.dev.build/script.js
219 silly gunzTarPerm modified mode [ '.dev/loader/index.dev.build/script.js', 438, 420 ]
220 silly gunzTarPerm extractEntry .dev/loader/index.dev.build/style.css
221 silly gunzTarPerm modified mode [ '.dev/loader/index.dev.build/style.css', 438, 420 ]
222 silly gunzTarPerm extractEntry .dev/loader/index.dev.build.html
223 silly gunzTarPerm modified mode [ '.dev/loader/index.dev.build.html', 438, 420 ]
224 silly gunzTarPerm extractEntry .dev/loader/index.dev.html
225 silly gunzTarPerm modified mode [ '.dev/loader/index.dev.html', 438, 420 ]
226 silly gunzTarPerm extractEntry .dev/loader/script/main.js
227 silly gunzTarPerm modified mode [ '.dev/loader/script/main.js', 438, 420 ]
228 silly gunzTarPerm extractEntry .dev/loader/script/test.coffee
229 silly gunzTarPerm modified mode [ '.dev/loader/script/test.coffee', 438, 420 ]
230 silly gunzTarPerm extractEntry .dev/loader/style/main.css
231 silly gunzTarPerm modified mode [ '.dev/loader/style/main.css', 438, 420 ]
232 silly gunzTarPerm extractEntry .dev/loader/style/view.less
233 silly gunzTarPerm modified mode [ '.dev/loader/style/view.less', 438, 420 ]
234 silly gunzTarPerm extractEntry .dev/test/a.js
235 silly gunzTarPerm modified mode [ '.dev/test/a.js', 438, 420 ]
236 silly gunzTarPerm extractEntry .dev/test/a.sub.js
237 silly gunzTarPerm modified mode [ '.dev/test/a.sub.js', 438, 420 ]
238 silly gunzTarPerm extractEntry .dev/test/embedded.js
239 silly gunzTarPerm modified mode [ '.dev/test/embedded.js', 438, 420 ]
240 silly gunzTarPerm extractEntry .dev/test/lazy.js
241 silly gunzTarPerm modified mode [ '.dev/test/lazy.js', 438, 420 ]
242 silly gunzTarPerm extractEntry .dev/test/main.js
243 silly gunzTarPerm modified mode [ '.dev/test/main.js', 438, 420 ]
244 silly gunzTarPerm extractEntry .dev/test/data.json
245 silly gunzTarPerm modified mode [ '.dev/test/data.json', 438, 420 ]
246 silly gunzTarPerm extractEntry .dev/test/index.html
247 silly gunzTarPerm modified mode [ '.dev/test/index.html', 438, 420 ]
248 silly gunzTarPerm extractEntry .dev/test/release/embedded.js
249 silly gunzTarPerm modified mode [ '.dev/test/release/embedded.js', 438, 420 ]
250 silly gunzTarPerm extractEntry .dev/test/release/index.html
251 silly gunzTarPerm modified mode [ '.dev/test/release/index.html', 438, 420 ]
252 silly gunzTarPerm extractEntry .dev/test/release/script/build.release.js
253 silly gunzTarPerm modified mode [ '.dev/test/release/script/build.release.js', 438, 420 ]
254 silly gunzTarPerm extractEntry .dev/test/release/style/build.release.css
255 silly gunzTarPerm modified mode [ '.dev/test/release/style/build.release.css', 438, 420 ]
256 silly gunzTarPerm extractEntry .dev/test/style.css
257 silly gunzTarPerm modified mode [ '.dev/test/style.css', 438, 420 ]
258 silly gunzTarPerm extractEntry .travis.yml
259 silly gunzTarPerm modified mode [ '.travis.yml', 438, 420 ]
260 silly gunzTarPerm extractEntry bower.json
261 silly gunzTarPerm modified mode [ 'bower.json', 438, 420 ]
262 silly gunzTarPerm extractEntry builds/include.autoreload.js
263 silly gunzTarPerm modified mode [ 'builds/include.autoreload.js', 438, 420 ]
264 silly gunzTarPerm extractEntry builds/include.js
265 silly gunzTarPerm modified mode [ 'builds/include.js', 438, 420 ]
266 silly gunzTarPerm extractEntry builds/include.node.js
267 silly gunzTarPerm modified mode [ 'builds/include.node.js', 438, 420 ]
268 silly gunzTarPerm extractEntry lib/include.autoreload.js
269 silly gunzTarPerm modified mode [ 'lib/include.autoreload.js', 438, 420 ]
270 silly gunzTarPerm extractEntry lib/include.js
271 silly gunzTarPerm modified mode [ 'lib/include.js', 438, 420 ]
272 silly gunzTarPerm extractEntry lib/include.min.js
273 silly gunzTarPerm modified mode [ 'lib/include.min.js', 438, 420 ]
274 silly gunzTarPerm extractEntry lib/include.node.js
275 silly gunzTarPerm modified mode [ 'lib/include.node.js', 438, 420 ]
276 silly gunzTarPerm extractEntry lib/include.min.js.map
277 silly gunzTarPerm modified mode [ 'lib/include.min.js.map', 438, 420 ]
278 silly gunzTarPerm extractEntry lib/loader/coffee/coffee-script.js
279 silly gunzTarPerm modified mode [ 'lib/loader/coffee/coffee-script.js', 438, 420 ]
280 silly gunzTarPerm extractEntry lib/loader/coffee/loader.js
281 silly gunzTarPerm modified mode [ 'lib/loader/coffee/loader.js', 438, 420 ]
282 silly gunzTarPerm extractEntry lib/loader/less/less-min.js
283 silly gunzTarPerm modified mode [ 'lib/loader/less/less-min.js', 438, 420 ]
284 silly gunzTarPerm extractEntry lib/loader/less/loader.js
285 silly gunzTarPerm modified mode [ 'lib/loader/less/loader.js', 438, 420 ]
286 silly gunzTarPerm extractEntry lib/loader/traceur/loader.js
287 silly gunzTarPerm modified mode [ 'lib/loader/traceur/loader.js', 438, 420 ]
288 silly gunzTarPerm extractEntry lib/loader/traceur/traceur.js
289 silly gunzTarPerm modified mode [ 'lib/loader/traceur/traceur.js', 438, 420 ]
290 silly gunzTarPerm extractEntry lib/loader/yml/js-yaml.min.js
291 silly gunzTarPerm modified mode [ 'lib/loader/yml/js-yaml.min.js', 438, 420 ]
292 silly gunzTarPerm extractEntry lib/loader/yml/loader.js
293 silly gunzTarPerm modified mode [ 'lib/loader/yml/loader.js', 438, 420 ]
294 silly gunzTarPerm extractEntry src/1.scope-vars.js
295 silly gunzTarPerm modified mode [ 'src/1.scope-vars.js', 438, 420 ]
296 silly gunzTarPerm extractEntry src/20.Autoreload.js
297 silly gunzTarPerm modified mode [ 'src/20.Autoreload.js', 438, 420 ]
298 silly gunzTarPerm extractEntry src/3.Events.js
299 silly gunzTarPerm modified mode [ 'src/3.Events.js', 438, 420 ]
300 silly gunzTarPerm extractEntry src/4.IncludeDeferred.js
301 silly gunzTarPerm modified mode [ 'src/4.IncludeDeferred.js', 438, 420 ]
302 silly gunzTarPerm extractEntry src/2.Routing.js
303 silly gunzTarPerm modified mode [ 'src/2.Routing.js', 438, 420 ]
304 silly gunzTarPerm extractEntry src/10.export.js
305 silly gunzTarPerm modified mode [ 'src/10.export.js', 438, 420 ]
306 silly gunzTarPerm extractEntry src/7.CustomLoader.js
307 silly gunzTarPerm modified mode [ 'src/7.CustomLoader.js', 438, 420 ]
308 silly gunzTarPerm extractEntry src/8.LazyModule.js
309 silly gunzTarPerm modified mode [ 'src/8.LazyModule.js', 438, 420 ]
310 silly gunzTarPerm extractEntry src/9.Resource.js
311 silly gunzTarPerm modified mode [ 'src/9.Resource.js', 438, 420 ]
312 silly gunzTarPerm extractEntry src/global-vars.js
313 silly gunzTarPerm modified mode [ 'src/global-vars.js', 438, 420 ]
314 silly gunzTarPerm extractEntry src/2.Helper.js
315 silly gunzTarPerm modified mode [ 'src/2.Helper.js', 438, 420 ]
316 silly gunzTarPerm extractEntry src/head.js
317 silly gunzTarPerm modified mode [ 'src/head.js', 438, 420 ]
318 silly gunzTarPerm extractEntry src/5.Include.js
319 silly gunzTarPerm modified mode [ 'src/5.Include.js', 438, 420 ]
320 silly gunzTarPerm extractEntry src/6.ScriptStack.js
321 silly gunzTarPerm modified mode [ 'src/6.ScriptStack.js', 438, 420 ]
322 silly gunzTarPerm extractEntry src/loader/json.js
323 silly gunzTarPerm modified mode [ 'src/loader/json.js', 438, 420 ]
324 silly gunzTarPerm extractEntry src/loader/pack.js
325 silly gunzTarPerm modified mode [ 'src/loader/pack.js', 438, 420 ]
326 silly gunzTarPerm extractEntry src/node/eval.js
327 silly gunzTarPerm modified mode [ 'src/node/eval.js', 438, 420 ]
328 silly gunzTarPerm extractEntry src/node/export-include.js
329 silly gunzTarPerm modified mode [ 'src/node/export-include.js', 438, 420 ]
330 silly gunzTarPerm extractEntry src/node/export-resource.js
331 silly gunzTarPerm modified mode [ 'src/node/export-resource.js', 438, 420 ]
332 silly gunzTarPerm extractEntry src/node/node.js
333 silly gunzTarPerm modified mode [ 'src/node/node.js', 438, 420 ]
334 silly gunzTarPerm extractEntry src/node/xhr.js
335 silly gunzTarPerm modified mode [ 'src/node/xhr.js', 438, 420 ]
336 silly gunzTarPerm extractEntry src/node/utils/bin.js
337 silly gunzTarPerm modified mode [ 'src/node/utils/bin.js', 438, 420 ]
338 silly gunzTarPerm extractEntry src/node/utils/file.js
339 silly gunzTarPerm modified mode [ 'src/node/utils/file.js', 438, 420 ]
340 silly gunzTarPerm extractEntry src/utils/array.js
341 silly gunzTarPerm modified mode [ 'src/utils/array.js', 438, 420 ]
342 silly gunzTarPerm extractEntry src/utils/fn.js
343 silly gunzTarPerm modified mode [ 'src/utils/fn.js', 438, 420 ]
344 silly gunzTarPerm extractEntry src/utils/object.js
345 silly gunzTarPerm modified mode [ 'src/utils/object.js', 438, 420 ]
346 silly gunzTarPerm extractEntry src/utils/path.js
347 silly gunzTarPerm modified mode [ 'src/utils/path.js', 438, 420 ]
348 silly gunzTarPerm extractEntry src/utils/tree.js
349 silly gunzTarPerm modified mode [ 'src/utils/tree.js', 438, 420 ]
350 silly lockFile fb0baf3a-pm-cache-includejs-0-6-3-package tar://C:\Users\Alex\AppData\Roaming\npm-cache\includejs\0.6.3\package
351 silly lockFile fb0baf3a-pm-cache-includejs-0-6-3-package tar://C:\Users\Alex\AppData\Roaming\npm-cache\includejs\0.6.3\package
352 silly lockFile f42acfb1-ache-includejs-0-6-3-package-tgz tar://C:\Users\Alex\AppData\Roaming\npm-cache\includejs\0.6.3\package.tgz
353 silly lockFile f42acfb1-ache-includejs-0-6-3-package-tgz tar://C:\Users\Alex\AppData\Roaming\npm-cache\includejs\0.6.3\package.tgz
354 verbose chmod C:\Users\Alex\AppData\Roaming\npm-cache\includejs\0.6.3\package.tgz 644
355 silly chown skipping for windows C:\Users\Alex\AppData\Roaming\npm-cache\includejs\0.6.3\package.tgz
356 silly lockFile 3a52ce78- .
357 silly lockFile 3a52ce78- .
358 silly publish { name: 'includejs',
358 silly publish   description: 'Resource Loader',
358 silly publish   version: '0.6.3',
358 silly publish   homepage: 'http://atmajs.com/include',
358 silly publish   contributors: [],
358 silly publish   author: { name: 'Alex Kit', email: 'alex.kit@atmajs.com' },
358 silly publish   repository: { type: 'git', url: 'https://github.com/tenbits/IncludeJS.git' },
358 silly publish   bugs: { url: 'https://github.com/tenbits/IncludeJS/issues' },
358 silly publish   licenses: [ 'MIT' ],
358 silly publish   main: './lib/include.node.js',
358 silly publish   dependencies: {},
358 silly publish   devDependencies: { atma: '>0.9.0' },
358 silly publish   scripts: { test: 'atma test' },
358 silly publish   keywords: [],
358 silly publish   engines: { node: '~0.8.9' },
358 silly publish   readme: '#### IncludeJS\r\n\r\n_The Resource Loader for Browsers and NodeJS_\r\n\r\n[![Build Status](https://travis-ci.org/atmajs/IncludeJS.svg?branch=master)](https://travis-ci.org/atmajs/IncludeJS)\r\n\r\nFeatures:\r\n\r\n- Loads any content: scripts, styles, ajax\r\n- Development friendly: incremental builds are not required\r\n- Production: finally, build the application into single html, js and css @see the [Atma.Toolkit](https://github.com/atmajs/Atma.Toolkit)\r\n- Inline Dependency Declaration\r\n\t\r\n\t_No external files, such as package.json or config.js_\r\n\t\r\n- Load any javascript\r\n- No prerequests for module declaration. But supports also `CommonJS` and `include.exports`\r\n\r\n- Namespaced routing\r\n\t```javascript\r\n\tinclude\r\n\t\t.routes({ controller: \'/src/controllers/{0}.js\' }); \r\n\t\t//... \r\n\tinclude\r\n\t\t.js({controller: \'user\' });\r\n\t```\r\n- Parameterized include\r\n\t```javascript\r\n\t// foo.js\r\n\tinclude.js({ compo: \'baz?color=green\' });\r\n\t\r\n\t// baz.js\r\n\tdocument.body.style.backgroundColor = include.iparams.color\r\n\t```\r\n\t\r\n- Javascript Aliases\r\n\t```javascript\r\n\tinclude.js(\'myScript.js::Logger\').done(function(response){\r\n\t\tresponse.Logger.logMe();\r\n\t});\t\r\n\t```\r\n\t\r\n- Custom Loader Support\r\n\r\n- Lazy Modules\r\n\r\n\t_Scripts will be evaluated only when you needs them_\r\n\t\r\n\r\n- Pause resource loading\r\n\r\n\t```javascript\r\n\t// pause current module\r\n\tvar resume = include.pause();\r\n\t\r\n\tsomeAsyncJob(function(){\r\n\t\t// resume with exports example\r\n\t\tresume({ baz: \'quux\' });\r\n\t})\r\n\t```\r\n\r\n----\r\n(c) 2014 Atma.js Project\r\n\r\n\r\n',
358 silly publish   readmeFilename: 'README.md',
358 silly publish   _id: 'includejs@0.6.3',
358 silly publish   dist: { shasum: '0991a55f826a457509e3d2bad0915f6059182999' },
358 silly publish   _from: '.' }
359 verbose url raw includejs
360 verbose url resolving [ 'http://registry.npmjs.org/', './includejs' ]
361 verbose url resolved http://registry.npmjs.org/includejs
362 info trying registry request attempt 1 at 19:29:06
363 http PUT http://registry.npmjs.org/includejs
364 http 403 http://registry.npmjs.org/includejs
365 info trying registry request attempt 1 at 19:29:09
366 http PUT http://registry.npmjs.org/includejs
367 http 403 http://registry.npmjs.org/includejs
368 error publish Failed PUT 403
369 error Error: forbidden cannot modify pre-existing version: 0.6.3
369 error old={"name":"includejs","description":"IncludeJS Resource Builder Tool - CLI only","preferGlobal":true,"author":{"name":"Alexander Kit","email":"source.kit@gmail.com"},"version":"0.6.3","bin":{"includejs":"includejs"},"dependencies":{"jsdom":">= 0.2.15","fs.extra":">= 1.2.0","commander":"~1.0.4","uglify-js":"~2.2.2","clean-css":"~0.9.0","jshint":"~0.9.1","socket.io":"~0.9.13","libjs-class":"~1.0.3","coffee-script":"~1.4.0","less":"~1.3.3","openurl":"~1.1.0"},"repository":{"type":"git","url":"git://github.com/tenbits/IncludeJS.Builder.git"},"license":"MIT","readme":"<h4>IncludeJS Build Tool For node.js</h4>\u000d\u000a\u000d\u000a<p>@see <a href='http://libjs.it/#includeBuilder'>IncludeJS Project</a>\u000d\u000a\u000d\u000a<p>\u000d\u000a<div>Install:</div>\u000d\u000a<code>$ npm install includejs -g</code>\u000d\u000a</p>\u000d\u000a<p>\u000d\u000a<div>Complete Usage Help:</div>\u000d\u000a<code>$ includejs -help</code>\u000d\u000a</p>\u000d\u000a<p>\u000d\u000a<div>Example:</div>\u000d\u000a<code>cd ../project </code><br/>\u000d\u000a<code>includejs index.html -minify</code>\u000d\u000a\u000d\u000a\u000d\u000a</p>","readmeFilename":"README.md","_id":"includejs@0.6.3","dist":{"shasum":"9362b6c9ed7e580524f3926eda75325019176b36","tarball":"http://registry.npmjs.org/includejs/-/includejs-0.6.3.tgz"},"_from":".","_npmVersion":"1.2.2","_npmUser":{"name":"tenbits","email":"source.kit@gmail.com"},"maintainers":[{"name":"tenbits","email":"source.kit@gmail.com"}]}
369 error new={"name":"includejs","description":"Resource Loader","version":"0.6.3","homepage":"http://atmajs.com/include","contributors":[],"author":{"name":"Alex Kit","email":"alex.kit@atmajs.com"},"repository":{"type":"git","url":"https://github.com/tenbits/IncludeJS.git"},"bugs":{"url":"https://github.com/tenbits/IncludeJS/issues"},"licenses":["MIT"],"main":"./lib/include.node.js","dependencies":{},"devDependencies":{"atma":">0.9.0"},"scripts":{"test":"atma test"},"keywords":[],"engines":{"node":"~0.8.9"},"readme":"#### IncludeJS\u000d\u000a\u000d\u000a_The Resource Loader for Browsers and NodeJS_\u000d\u000a\u000d\u000a[![Build Status](https://travis-ci.org/atmajs/IncludeJS.svg?branch=master)](https://travis-ci.org/atmajs/IncludeJS)\u000d\u000a\u000d\u000aFeatures:\u000d\u000a\u000d\u000a- Loads any content: scripts, styles, ajax\u000d\u000a- Development friendly: incremental builds are not required\u000d\u000a- Production: finally, build the application into single html, js and css @see the [Atma.Toolkit](https://github.com/atmajs/Atma.Toolkit)\u000d\u000a- Inline Dependency Declaration\u000d\u000a\u0009\u000d\u000a\u0009_No external files, such as package.json or config.js_\u000d\u000a\u0009\u000d\u000a- Load any javascript\u000d\u000a- No prerequests for module declaration. But supports also `CommonJS` and `include.exports`\u000d\u000a\u000d\u000a- Namespaced routing\u000d\u000a\u0009```javascript\u000d\u000a\u0009include\u000d\u000a\u0009\u0009.routes({ controller: '/src/controllers/{0}.js' }); \u000d\u000a\u0009\u0009//... \u000d\u000a\u0009include\u000d\u000a\u0009\u0009.js({controller: 'user' });\u000d\u000a\u0009```\u000d\u000a- Parameterized include\u000d\u000a\u0009```javascript\u000d\u000a\u0009// foo.js\u000d\u000a\u0009include.js({ compo: 'baz?color=green' });\u000d\u000a\u0009\u000d\u000a\u0009// baz.js\u000d\u000a\u0009document.body.style.backgroundColor = include.iparams.color\u000d\u000a\u0009```\u000d\u000a\u0009\u000d\u000a- Javascript Aliases\u000d\u000a\u0009```javascript\u000d\u000a\u0009include.js('myScript.js::Logger').done(function(response){\u000d\u000a\u0009\u0009response.Logger.logMe();\u000d\u000a\u0009});\u0009\u000d\u000a\u0009```\u000d\u000a\u0009\u000d\u000a- Custom Loader Support\u000d\u000a\u000d\u000a- Lazy Modules\u000d\u000a\u000d\u000a\u0009_Scripts will be evaluated only when you needs them_\u000d\u000a\u0009\u000d\u000a\u000d\u000a- Pause resource loading\u000d\u000a\u000d\u000a\u0009```javascript\u000d\u000a\u0009// pause current module\u000d\u000a\u0009var resume = include.pause();\u000d\u000a\u0009\u000d\u000a\u0009someAsyncJob(function(){\u000d\u000a\u0009\u0009// resume with exports example\u000d\u000a\u0009\u0009resume({ baz: 'quux' });\u000d\u000a\u0009})\u000d\u000a\u0009```\u000d\u000a\u000d\u000a----\u000d\u000a(c) 2014 Atma.js Project\u000d\u000a\u000d\u000a\u000d\u000a","readmeFilename":"README.md","_id":"includejs@0.6.3","dist":{"shasum":"0991a55f826a457509e3d2bad0915f6059182999","tarball":"http://registry.npmjs.org/includejs/-/includejs-0.6.3.tgz"},"_from":".","_npmVersion":"1.3.21","_npmUser":{"name":"tenbits","email":"alex.kit@atmajs.com"},"maintainers":[{"name":"tenbits","email":"alex.kit@atmajs.com"}]}: includejs
369 error     at RegClient.<anonymous> (C:\Program Files (x86)\nodejs\node_modules\npm\node_modules\npm-registry-client\lib\request.js:275:14)
369 error     at Request.self.callback (C:\Program Files (x86)\nodejs\node_modules\npm\node_modules\request\request.js:123:22)
369 error     at Request.EventEmitter.emit (events.js:98:17)
369 error     at Request.<anonymous> (C:\Program Files (x86)\nodejs\node_modules\npm\node_modules\request\request.js:893:14)
369 error     at Request.EventEmitter.emit (events.js:117:20)
369 error     at IncomingMessage.<anonymous> (C:\Program Files (x86)\nodejs\node_modules\npm\node_modules\request\request.js:844:12)
369 error     at IncomingMessage.EventEmitter.emit (events.js:117:20)
369 error     at _stream_readable.js:920:16
369 error     at process._tickCallback (node.js:415:13)
370 error If you need help, you may report this *entire* log,
370 error including the npm and node versions, at:
370 error     <http://github.com/isaacs/npm/issues>
371 error System Windows_NT 6.2.9200
372 error command "C:\\Program Files (x86)\\nodejs\\\\node.exe" "C:\\Program Files (x86)\\nodejs\\node_modules\\npm\\bin\\npm-cli.js" "publish"
373 error cwd D:\atma\include
374 error node -v v0.10.24
375 error npm -v 1.3.21
376 verbose exit [ 1, true ]
